app/build/outputs/logs/manifest-merger-debug-report.txt
-- Merging decision tree log ---
manifest
ADDED from src\main\AndroidManifest.xml:2:1-899:12
	package
		ADDED from src\main\AndroidManifest.xml:2:11-44
		INJECTED from src\main\AndroidManifest.xml
		INJECTED from src\main\AndroidManifest.xml
	android:versionName
		INJECTED from src\main\AndroidManifest.xml
		INJECTED from src\main\AndroidManifest.xml
	xmlns:android
		ADDED from src\main\AndroidManifest.xml:3:11-69
	android:versionCode
		INJECTED from src\main\AndroidManifest.xml
		INJECTED from src\main\AndroidManifest.xml
uses-permission#android.permission.VIBRATE
ADDED from src\main\AndroidManifest.xml:5:5-65
	android:name
		ADDED from src\main\AndroidManifest.xml:5:22-63
uses-permission#android.permission.INTERNET
ADDED from src\main\AndroidManifest.xml:6:5-66
	android:name
		ADDED from src\main\AndroidManifest.xml:6:22-64
uses-permission#android.permission.RECORD_AUDIO
ADDED from src\main\AndroidManifest.xml:7:5-70
	android:name
		ADDED from src\main\AndroidManifest.xml:7:22-68
uses-permission#android.permission.CAMERA
ADDED from src\main\AndroidManifest.xml:8:5-64
	android:name
		ADDED from src\main\AndroidManifest.xml:8:22-62
uses-permission#android.permission.ACCESS_NETWORK_STATE
ADDED from src\main\AndroidManifest.xml:9:5-78
MERGED from [branch_lessons:jcvideoplayer_lib:unspecified] AndroidManifest.xml:13:5-79
	android:name
		ADDED from src\main\AndroidManifest.xml:9:22-76
uses-permission#android.permission.WRITE_EXTERNAL_STORAGE
ADDED from src\main\AndroidManifest.xml:10:5-80
	android:name
		ADDED from src\main\AndroidManifest.xml:10:22-78
uses-permission#android.permission.READ_EXTERNAL_STORAGE
ADDED from src\main\AndroidManifest.xml:11:5-79
	android:name
		ADDED from src\main\AndroidManifest.xml:11:22-77
uses-permission#android.permission.MOUNT_UNMOUNT_FILESYSTEMS
ADDED from src\main\AndroidManifest.xml:12:5-83
	android:name
		ADDED from src\main\AndroidManifest.xml:12:22-81
uses-permission#android.permission.GET_TASKS
ADDED from src\main\AndroidManifest.xml:14:5-67
	android:name
		ADDED from src\main\AndroidManifest.xml:14:22-65
uses-permission#android.permission.ACCESS_WIFI_STATE
ADDED from src\main\AndroidManifest.xml:15:5-75
	android:name
		ADDED from src\main\AndroidManifest.xml:15:22-73
uses-permission#android.permission.CHANGE_WIFI_STATE
ADDED from src\main\AndroidManifest.xml:16:5-75
	android:name
		ADDED from src\main\AndroidManifest.xml:16:22-73
uses-permission#android.permission.WAKE_LOCK
ADDED from src\main\AndroidManifest.xml:17:5-67
	android:name
		ADDED from src\main\AndroidManifest.xml:17:22-65
uses-permission#android.permission.MODIFY_AUDIO_SETTINGS
ADDED from src\main\AndroidManifest.xml:18:5-79
	android:name
		ADDED from src\main\AndroidManifest.xml:18:22-77
uses-permission#android.permission.READ_PHONE_STATE
ADDED from src\main\AndroidManifest.xml:19:5-74
	android:name
		ADDED from src\main\AndroidManifest.xml:19:22-72
uses-permission#android.permission.GET_ACCOUNTS
ADDED from src\main\AndroidManifest.xml:21:5-70
	android:name
		ADDED from src\main\AndroidManifest.xml:21:22-68
uses-permission#android.permission.USE_CREDENTIALS
ADDED from src\main\AndroidManifest.xml:22:5-73
	android:name
		ADDED from src\main\AndroidManifest.xml:22:22-71
uses-permission#android.permission.MANAGE_ACCOUNTS
ADDED from src\main\AndroidManifest.xml:23:5-73
	android:name
		ADDED from src\main\AndroidManifest.xml:23:22-71
uses-permission#android.permission.AUTHENTICATE_ACCOUNTS
ADDED from src\main\AndroidManifest.xml:24:5-79
	android:name
		ADDED from src\main\AndroidManifest.xml:24:22-77
uses-permission#com.android.launcher.permission.READ_SETTINGS
ADDED from src\main\AndroidManifest.xml:25:5-84
	android:name
		ADDED from src\main\AndroidManifest.xml:25:22-82
uses-permission#android.permission.BROADCAST_STICKY
ADDED from src\main\AndroidManifest.xml:26:5-74
	android:name
		ADDED from src\main\AndroidManifest.xml:26:22-72
uses-permission#android.permission.WRITE_SETTINGS
ADDED from src\main\AndroidManifest.xml:27:5-72
	android:name
		ADDED from src\main\AndroidManifest.xml:27:22-70
uses-permission#android.permission.READ_LOGS
ADDED from src\main\AndroidManifest.xml:28:5-67
	android:name
		ADDED from src\main\AndroidManifest.xml:28:22-65
uses-permission#android.permission.SET_DEBUG_APP
ADDED from src\main\AndroidManifest.xml:30:5-71
	android:name
		ADDED from src\main\AndroidManifest.xml:30:22-69
uses-permission#android.permission.SYSTEM_ALERT_WINDOW
ADDED from src\main\AndroidManifest.xml:31:5-77
	android:name
		ADDED from src\main\AndroidManifest.xml:31:22-75
uses-feature#android.hardware.camera
ADDED from src\main\AndroidManifest.xml:33:5-59
	android:name
		ADDED from src\main\AndroidManifest.xml:33:19-57
uses-feature#android.hardware.camera.autofocus
ADDED from src\main\AndroidManifest.xml:34:5-69
	android:name
		ADDED from src\main\AndroidManifest.xml:34:19-67
uses-permission#android.permission.FLASHLIGHT
ADDED from src\main\AndroidManifest.xml:36:5-68
	android:name
		ADDED from src\main\AndroidManifest.xml:36:22-66
uses-permission#android.permission.HARDWARE_TEST
ADDED from src\main\AndroidManifest.xml:37:5-71
	android:name
		ADDED from src\main\AndroidManifest.xml:37:22-69
uses-permission#com.google.android.c2dm.permission.RECEIVE
ADDED from src\main\AndroidManifest.xml:38:5-81
	android:name
		ADDED from src\main\AndroidManifest.xml:38:22-79
permission#com.yidiankeyan.science.permission.C2D_MESSAGE
ADDED from src\main\AndroidManifest.xml:40:5-42:46
	android:protectionLevel
		ADDED from src\main\AndroidManifest.xml:42:9-44
	android:name
		ADDED from src\main\AndroidManifest.xml:41:9-70
uses-permission#com.yidiankeyan.science.permission.C2D_MESSAGE
ADDED from src\main\AndroidManifest.xml:44:5-85
	android:name
		ADDED from src\main\AndroidManifest.xml:44:22-83
uses-permission#android.permission.READ_PROFILE
ADDED from src\main\AndroidManifest.xml:45:5-70
	android:name
		ADDED from src\main\AndroidManifest.xml:45:22-68
uses-permission#android.permission.READ_CONTACTS
ADDED from src\main\AndroidManifest.xml:46:5-71
	android:name
		ADDED from src\main\AndroidManifest.xml:46:22-69
uses-permission#android.permission.WRITE_CONTACTS
ADDED from src\main\AndroidManifest.xml:47:5-72
	android:name
		ADDED from src\main\AndroidManifest.xml:47:22-70
uses-permission#android.permission.SEND_SMS
ADDED from src\main\AndroidManifest.xml:48:5-66
	android:name
		ADDED from src\main\AndroidManifest.xml:48:22-64
permission#com.yidiankeyan.science.permission.MIPUSH_RECEIVE
ADDED from src\main\AndroidManifest.xml:50:5-52:46
	android:protectionLevel
		ADDED from src\main\AndroidManifest.xml:52:9-44
	android:name
		ADDED from src\main\AndroidManifest.xml:51:9-73
uses-permission#com.yidiankeyan.science.permission.MIPUSH_RECEIVE
ADDED from src\main\AndroidManifest.xml:54:5-88
	android:name
		ADDED from src\main\AndroidManifest.xml:54:22-86
permission#com.yidiankeyan.science.permission.JPUSH_MESSAGE
ADDED from src\main\AndroidManifest.xml:62:5-64:46
	android:protectionLevel
		ADDED from src\main\AndroidManifest.xml:64:9-44
	android:name
		ADDED from src\main\AndroidManifest.xml:63:9-72
uses-permission#com.yidiankeyan.science.permission.JPUSH_MESSAGE
ADDED from src\main\AndroidManifest.xml:66:5-87
	android:name
		ADDED from src\main\AndroidManifest.xml:66:22-85
uses-permission#android.permission.RECEIVE_USER_PRESENT
ADDED from src\main\AndroidManifest.xml:67:5-78
	android:name
		ADDED from src\main\AndroidManifest.xml:67:22-76
uses-permission#android.permission.ACCESS_LOCATION_EXTRA_COMMANDS
ADDED from src\main\AndroidManifest.xml:70:5-88
	android:name
		ADDED from src\main\AndroidManifest.xml:70:22-86
uses-permission#android.permission.CHANGE_NETWORK_STATE
ADDED from src\main\AndroidManifest.xml:71:5-78
	android:name
		ADDED from src\main\AndroidManifest.xml:71:22-76
application
ADDED from src\main\AndroidManifest.xml:73:5-897:19
MERGED from [branch_lessons:loading-more-view:unspecified] AndroidManifest.xml:11:5-14:19
MERGED from [branch_lessons:ultra-pull-to-refresh:unspecified] AndroidManifest.xml:11:5-14:19
MERGED from [org.xutils:xutils:3.3.40] AndroidManifest.xml:12:5-20
MERGED from [branch_lessons:jcvideoplayer_lib:unspecified] AndroidManifest.xml:15:5-17:38
MERGED from [com.zhy:autolayout:1.4.3] AndroidManifest.xml:11:5-14:19
MERGED from [com.android.support:design:24.2.1] AndroidManifest.xml:22:5-20
MERGED from [com.mylhyl:acp:1.1.7] AndroidManifest.xml:11:5-16:19
MERGED from [com.android.support:cardview-v7:24.2.1] AndroidManifest.xml:22:5-20
MERGED from [com.github.kingideayou:tagcloudview:1.0.2] AndroidManifest.xml:11:5-14:19
MERGED from [com.android.support:appcompat-v7:24.2.1] AndroidManifest.xml:25:5-20
MERGED from [com.android.support:animated-vector-drawable:24.2.1] AndroidManifest.xml:22:5-20
MERGED from [com.android.support:support-vector-drawable:24.2.1] AndroidManifest.xml:23:5-20
MERGED from [com.android.support:transition:24.2.1] AndroidManifest.xml:22:5-20
MERGED from [com.android.support:support-v4:24.2.1] AndroidManifest.xml:25:5-20
MERGED from [com.android.support:support-fragment:24.2.1] AndroidManifest.xml:25:5-20
MERGED from [com.android.support:support-media-compat:24.2.1] AndroidManifest.xml:25:5-20
MERGED from [com.android.support:support-core-ui:25.2.0] AndroidManifest.xml:25:5-20
MERGED from [com.android.support:support-core-utils:24.2.1] AndroidManifest.xml:25:5-20
MERGED from [com.android.support:support-compat:25.2.0] AndroidManifest.xml:25:5-20
MERGED from [com.android.support.constraint:constraint-layout:1.0.2] AndroidManifest.xml:9:5-20
	android:label
		ADDED from src\main\AndroidManifest.xml:77:9-41
	android:supportsRtl
		ADDED from src\main\AndroidManifest.xml:78:9-35
	android:allowBackup
		ADDED from src\main\AndroidManifest.xml:75:9-35
	android:icon
		ADDED from src\main\AndroidManifest.xml:76:9-43
	android:theme
		ADDED from src\main\AndroidManifest.xml:79:9-40
	android:name
		ADDED from src\main\AndroidManifest.xml:74:9-44
provider#android.support.v4.content.FileProvider
ADDED from src\main\AndroidManifest.xml:80:9-88:20
	android:authorities
		ADDED from src\main\AndroidManifest.xml:82:13-71
	android:grantUriPermissions
		ADDED from src\main\AndroidManifest.xml:84:13-47
	android:exported
		ADDED from src\main\AndroidManifest.xml:83:13-37
	android:name
		ADDED from src\main\AndroidManifest.xml:81:13-67
meta-data#android.support.FILE_PROVIDER_PATHS
ADDED from src\main\AndroidManifest.xml:85:13-87:53
	android:resource
		ADDED from src\main\AndroidManifest.xml:87:17-51
	android:name
		ADDED from src\main\AndroidManifest.xml:86:17-67
activity#com.yidiankeyan.science.app.activity.MainActivity
ADDED from src\main\AndroidManifest.xml:90:9-103:20
	android:screenOrientation
		ADDED from src\main\AndroidManifest.xml:94:13-49
	android:launchMode
		ADDED from src\main\AndroidManifest.xml:93:13-44
	android:windowSoftInputMode
		ADDED from src\main\AndroidManifest.xml:95:13-52
	android:configChanges
		ADDED from src\main\AndroidManifest.xml:92:13-74
	android:name
		ADDED from src\main\AndroidManifest.xml:91:13-54
meta-data#design_width
ADDED from src\main\AndroidManifest.xml:105:9-107:34
	android:value
		ADDED from src\main\AndroidManifest.xml:107:13-32
	android:name
		ADDED from src\main\AndroidManifest.xml:106:13-40
meta-data#design_height
ADDED from src\main\AndroidManifest.xml:108:9-110:35
	android:value
		ADDED from src\main\AndroidManifest.xml:110:13-33
	android:name
		ADDED from src\main\AndroidManifest.xml:109:13-41
meta-data#MW_APPID
ADDED from src\main\AndroidManifest.xml:113:9-115:63
	android:value
		ADDED from src\main\AndroidManifest.xml:115:13-61
	android:name
		ADDED from src\main\AndroidManifest.xml:114:13-36
meta-data#MW_CHANNEL
ADDED from src\main\AndroidManifest.xml:116:9-118:33
	android:value
		ADDED from src\main\AndroidManifest.xml:118:13-31
	android:name
		ADDED from src\main\AndroidManifest.xml:117:13-38
activity#com.yidiankeyan.science.information.acitivity.FeedbackListActivity
ADDED from src\main\AndroidManifest.xml:121:9-124:71
	android:screenOrientation
		ADDED from src\main\AndroidManifest.xml:123:13-49
	android:windowSoftInputMode
		ADDED from src\main\AndroidManifest.xml:124:13-69
	android:name
		ADDED from src\main\AndroidManifest.xml:122:13-71
activity#com.yidiankeyan.science.app.activity.InvitationCodeActivity
ADDED from src\main\AndroidManifest.xml:127:9-131:71
	android:screenOrientation
		ADDED from src\main\AndroidManifest.xml:129:13-49
	android:windowSoftInputMode
		ADDED from src\main\AndroidManifest.xml:131:13-69
	android:theme
		ADDED from src\main\AndroidManifest.xml:130:13-57
	android:name
		ADDED from src\main\AndroidManifest.xml:128:13-64
activity#com.yidiankeyan.science.functionkey.activity.SearchActivity
ADDED from src\main\AndroidManifest.xml:132:9-135:71
	android:screenOrientation
		ADDED from src\main\AndroidManifest.xml:134:13-49
	android:windowSoftInputMode
		ADDED from src\main\AndroidManifest.xml:135:13-69
	android:name
		ADDED from src\main\AndroidManifest.xml:133:13-64
activity#com.yidiankeyan.science.subscribe.activity.BatchdownloadActivity
ADDED from src\main\AndroidManifest.xml:136:9-138:51
	android:screenOrientation
		ADDED from src\main\AndroidManifest.xml:138:13-49
	android:name
		ADDED from src\main\AndroidManifest.xml:137:13-69
activity#com.yidiankeyan.science.app.activity.WelcomeActivity
ADDED from src\main\AndroidManifest.xml:139:9-142:67
	android:screenOrientation
		ADDED from src\main\AndroidManifest.xml:141:13-49
	android:theme
		ADDED from src\main\AndroidManifest.xml:142:13-65
	android:name
		ADDED from src\main\AndroidManifest.xml:140:13-57
activity#com.yidiankeyan.science.subscribe.activity.GratuityActivity
ADDED from src\main\AndroidManifest.xml:143:9-146:54
	android:screenOrientation
		ADDED from src\main\AndroidManifest.xml:145:13-49
	android:windowSoftInputMode
		ADDED from src\main\AndroidManifest.xml:146:13-52
	android:name
		ADDED from src\main\AndroidManifest.xml:144:13-64
activity#com.yidiankeyan.science.app.activity.StartActivity
ADDED from src\main\AndroidManifest.xml:147:9-165:20
	android:screenOrientation
		ADDED from src\main\AndroidManifest.xml:150:13-49
	android:hardwareAccelerated
		ADDED from src\main\AndroidManifest.xml:149:13-48
	android:theme
		ADDED from src\main\AndroidManifest.xml:151:13-65
	android:name
		ADDED from src\main\AndroidManifest.xml:148:13-55
intent-filter#android.intent.action.MAIN+android.intent.category.LAUNCHER
ADDED from src\main\AndroidManifest.xml:152:13-156:29
action#android.intent.action.MAIN
ADDED from src\main\AndroidManifest.xml:153:17-68
	android:name
		ADDED from src\main\AndroidManifest.xml:153:25-66
category#android.intent.category.LAUNCHER
ADDED from src\main\AndroidManifest.xml:155:17-76
	android:name
		ADDED from src\main\AndroidManifest.xml:155:27-74
intent-filter#android.intent.action.VIEW+android.intent.category.BROWSABLE+android.intent.category.DEFAULT
ADDED from src\main\AndroidManifest.xml:157:13-164:29
data
ADDED from src\main\AndroidManifest.xml:158:17-49
	android:scheme
		ADDED from src\main\AndroidManifest.xml:158:23-47
action#android.intent.action.VIEW
ADDED from src\main\AndroidManifest.xml:160:17-68
	android:name
		ADDED from src\main\AndroidManifest.xml:160:25-66
category#android.intent.category.DEFAULT
ADDED from src\main\AndroidManifest.xml:162:17-75
	android:name
		ADDED from src\main\AndroidManifest.xml:162:27-73
category#android.intent.category.BROWSABLE
ADDED from src\main\AndroidManifest.xml:163:17-77
	android:name
		ADDED from src\main\AndroidManifest.xml:163:27-75
service#com.yidiankeyan.science.subscribe.service.TimerService
ADDED from src\main\AndroidManifest.xml:167:9-170:38
	android:enabled
		ADDED from src\main\AndroidManifest.xml:169:13-35
	android:exported
		ADDED from src\main\AndroidManifest.xml:170:13-36
	android:name
		ADDED from src\main\AndroidManifest.xml:168:13-59
service#com.yidiankeyan.science.subscribe.service.MediaPlayerService
ADDED from src\main\AndroidManifest.xml:171:9-174:38
	android:enabled
		ADDED from src\main\AndroidManifest.xml:173:13-35
	android:exported
		ADDED from src\main\AndroidManifest.xml:174:13-36
	android:name
		ADDED from src\main\AndroidManifest.xml:172:13-65
activity#com.yidiankeyan.science.information.acitivity.AlbumActivity
ADDED from src\main\AndroidManifest.xml:176:9-178:51
	android:screenOrientation
		ADDED from src\main\AndroidManifest.xml:178:13-49
	android:name
		ADDED from src\main\AndroidManifest.xml:177:13-64
service#com.xiaomi.push.service.XMJobService
ADDED from src\main\AndroidManifest.xml:181:9-186:45
	android:enabled
		ADDED from src\main\AndroidManifest.xml:183:13-35
	android:process
		ADDED from src\main\AndroidManifest.xml:186:13-43
	android:exported
		ADDED from src\main\AndroidManifest.xml:184:13-37
	android:permission
		ADDED from src\main\AndroidManifest.xml:185:13-69
	android:name
		ADDED from src\main\AndroidManifest.xml:182:13-64
service#com.xiaomi.push.service.XMPushService
ADDED from src\main\AndroidManifest.xml:187:9-190:45
	android:enabled
		ADDED from src\main\AndroidManifest.xml:189:13-35
	android:process
		ADDED from src\main\AndroidManifest.xml:190:13-43
	android:name
		ADDED from src\main\AndroidManifest.xml:188:13-65
service#com.xiaomi.mipush.sdk.PushMessageHandler
ADDED from src\main\AndroidManifest.xml:191:9-194:38
	android:enabled
		ADDED from src\main\AndroidManifest.xml:193:13-35
	android:exported
		ADDED from src\main\AndroidManifest.xml:194:13-36
	android:name
		ADDED from src\main\AndroidManifest.xml:192:13-68
service#com.xiaomi.mipush.sdk.MessageHandleService
ADDED from src\main\AndroidManifest.xml:195:9-197:37
	android:enabled
		ADDED from src\main\AndroidManifest.xml:197:13-35
	android:name
		ADDED from src\main\AndroidManifest.xml:196:13-70
receiver#com.yidiankeyan.science.app.push.MiPushReceiver
ADDED from src\main\AndroidManifest.xml:199:9-211:20
	android:exported
		ADDED from src\main\AndroidManifest.xml:201:13-36
	android:name
		ADDED from src\main\AndroidManifest.xml:200:13-52
intent-filter#com.xiaomi.mipush.RECEIVE_MESSAGE
ADDED from src\main\AndroidManifest.xml:202:13-204:29
action#com.xiaomi.mipush.RECEIVE_MESSAGE
ADDED from src\main\AndroidManifest.xml:203:17-75
	android:name
		ADDED from src\main\AndroidManifest.xml:203:25-73
intent-filter#com.xiaomi.mipush.MESSAGE_ARRIVED
ADDED from src\main\AndroidManifest.xml:205:13-207:29
action#com.xiaomi.mipush.MESSAGE_ARRIVED
ADDED from src\main\AndroidManifest.xml:206:17-75
	android:name
		ADDED from src\main\AndroidManifest.xml:206:25-73
intent-filter#com.xiaomi.mipush.ERROR
ADDED from src\main\AndroidManifest.xml:208:13-210:29
action#com.xiaomi.mipush.ERROR
ADDED from src\main\AndroidManifest.xml:209:17-65
	android:name
		ADDED from src\main\AndroidManifest.xml:209:25-63
receiver#com.xiaomi.push.service.receivers.NetworkStatusReceiver
ADDED from src\main\AndroidManifest.xml:212:9-220:20
	android:exported
		ADDED from src\main\AndroidManifest.xml:214:13-36
	android:name
		ADDED from src\main\AndroidManifest.xml:213:13-83
intent-filter#android.intent.category.DEFAULT+android.net.conn.CONNECTIVITY_CHANGE
ADDED from src\main\AndroidManifest.xml:215:13-219:29
action#android.net.conn.CONNECTIVITY_CHANGE
ADDED from src\main\AndroidManifest.xml:216:17-78
	android:name
		ADDED from src\main\AndroidManifest.xml:216:25-76
receiver#com.xiaomi.push.service.receivers.PingReceiver
ADDED from src\main\AndroidManifest.xml:221:9-228:20
	android:process
		ADDED from src\main\AndroidManifest.xml:224:13-43
	android:exported
		ADDED from src\main\AndroidManifest.xml:223:13-37
	android:name
		ADDED from src\main\AndroidManifest.xml:222:13-74
intent-filter#com.xiaomi.push.PING_TIMER
ADDED from src\main\AndroidManifest.xml:225:13-227:29
action#com.xiaomi.push.PING_TIMER
ADDED from src\main\AndroidManifest.xml:226:17-68
	android:name
		ADDED from src\main\AndroidManifest.xml:226:25-66
activity#cn.jpush.android.ui.PopWinActivity
ADDED from src\main\AndroidManifest.xml:234:9-238:51
	android:screenOrientation
		ADDED from src\main\AndroidManifest.xml:237:13-49
	android:exported
		ADDED from src\main\AndroidManifest.xml:236:13-37
	android:theme
		ADDED from src\main\AndroidManifest.xml:238:13-49
	android:name
		ADDED from src\main\AndroidManifest.xml:235:13-62
activity#cn.jpush.android.ui.PushActivity
ADDED from src\main\AndroidManifest.xml:241:9-253:20
	android:screenOrientation
		ADDED from src\main\AndroidManifest.xml:245:13-49
	android:exported
		ADDED from src\main\AndroidManifest.xml:244:13-37
	android:configChanges
		ADDED from src\main\AndroidManifest.xml:243:13-63
	android:theme
		ADDED from src\main\AndroidManifest.xml:246:13-60
	android:name
		ADDED from src\main\AndroidManifest.xml:242:13-60
intent-filter#android.intent.category.DEFAULT+cn.jpush.android.ui.PushActivity+com.yidiankeyan.science
ADDED from src\main\AndroidManifest.xml:247:13-252:29
action#cn.jpush.android.ui.PushActivity
ADDED from src\main\AndroidManifest.xml:248:17-74
	android:name
		ADDED from src\main\AndroidManifest.xml:248:25-72
category#com.yidiankeyan.science
ADDED from src\main\AndroidManifest.xml:251:17-67
	android:name
		ADDED from src\main\AndroidManifest.xml:251:27-65
service#cn.jpush.android.service.DownloadService
ADDED from src\main\AndroidManifest.xml:255:9-258:39
	android:enabled
		ADDED from src\main\AndroidManifest.xml:257:13-35
	android:exported
		ADDED from src\main\AndroidManifest.xml:258:13-37
	android:name
		ADDED from src\main\AndroidManifest.xml:256:13-68
service#cn.jpush.android.service.PushService
ADDED from src\main\AndroidManifest.xml:262:9-272:19
	android:enabled
		ADDED from src\main\AndroidManifest.xml:264:13-35
	android:exported
		ADDED from src\main\AndroidManifest.xml:265:13-37
	android:name
		ADDED from src\main\AndroidManifest.xml:263:13-64
intent-filter#cn.jpush.android.intent.PUSH_TIME+cn.jpush.android.intent.PushService+cn.jpush.android.intent.REGISTER+cn.jpush.android.intent.REPORT
ADDED from src\main\AndroidManifest.xml:266:13-271:29
action#cn.jpush.android.intent.REGISTER
ADDED from src\main\AndroidManifest.xml:267:17-74
	android:name
		ADDED from src\main\AndroidManifest.xml:267:25-72
action#cn.jpush.android.intent.REPORT
ADDED from src\main\AndroidManifest.xml:268:17-72
	android:name
		ADDED from src\main\AndroidManifest.xml:268:25-70
action#cn.jpush.android.intent.PushService
ADDED from src\main\AndroidManifest.xml:269:17-77
	android:name
		ADDED from src\main\AndroidManifest.xml:269:25-75
action#cn.jpush.android.intent.PUSH_TIME
ADDED from src\main\AndroidManifest.xml:270:17-75
	android:name
		ADDED from src\main\AndroidManifest.xml:270:25-73
service#cn.jpush.android.service.DaemonService
ADDED from src\main\AndroidManifest.xml:276:9-285:19
	android:enabled
		ADDED from src\main\AndroidManifest.xml:278:13-35
	android:exported
		ADDED from src\main\AndroidManifest.xml:279:13-36
	android:name
		ADDED from src\main\AndroidManifest.xml:277:13-66
intent-filter#cn.jpush.android.intent.DaemonService+com.yidiankeyan.science
ADDED from src\main\AndroidManifest.xml:280:13-284:29
action#cn.jpush.android.intent.DaemonService
ADDED from src\main\AndroidManifest.xml:281:17-79
	android:name
		ADDED from src\main\AndroidManifest.xml:281:25-77
receiver#cn.jpush.android.service.PushReceiver
ADDED from src\main\AndroidManifest.xml:288:9-308:20
	android:enabled
		ADDED from src\main\AndroidManifest.xml:290:13-35
	android:exported
		ADDED from src\main\AndroidManifest.xml:291:13-37
	android:name
		ADDED from src\main\AndroidManifest.xml:289:13-65
intent-filter#cn.jpush.android.intent.NOTIFICATION_RECEIVED_PROXY+com.yidiankeyan.science
ADDED from src\main\AndroidManifest.xml:292:13-296:29
	android:priority
		ADDED from src\main\AndroidManifest.xml:292:28-51
action#cn.jpush.android.intent.NOTIFICATION_RECEIVED_PROXY
ADDED from src\main\AndroidManifest.xml:293:17-93
	android:name
		ADDED from src\main\AndroidManifest.xml:293:25-91
intent-filter#android.intent.action.USER_PRESENT+android.net.conn.CONNECTIVITY_CHANGE
ADDED from src\main\AndroidManifest.xml:297:13-300:29
action#android.intent.action.USER_PRESENT
ADDED from src\main\AndroidManifest.xml:298:17-76
	android:name
		ADDED from src\main\AndroidManifest.xml:298:25-74
intent-filter#android.intent.action.PACKAGE_ADDED+android.intent.action.PACKAGE_REMOVED
ADDED from src\main\AndroidManifest.xml:302:13-307:29
action#android.intent.action.PACKAGE_ADDED
ADDED from src\main\AndroidManifest.xml:303:17-77
	android:name
		ADDED from src\main\AndroidManifest.xml:303:25-75
action#android.intent.action.PACKAGE_REMOVED
ADDED from src\main\AndroidManifest.xml:304:17-79
	android:name
		ADDED from src\main\AndroidManifest.xml:304:25-77
receiver#cn.jpush.android.service.AlarmReceiver
ADDED from src\main\AndroidManifest.xml:311:9-313:39
	android:exported
		ADDED from src\main\AndroidManifest.xml:313:13-37
	android:name
		ADDED from src\main\AndroidManifest.xml:312:13-66
receiver#com.yidiankeyan.science.app.push.JPushReceiver
ADDED from src\main\AndroidManifest.xml:316:9-335:20
	android:enabled
		ADDED from src\main\AndroidManifest.xml:318:13-35
	android:exported
		ADDED from src\main\AndroidManifest.xml:319:13-37
	android:name
		ADDED from src\main\AndroidManifest.xml:317:13-51
intent-filter#cn.jpush.android.intent.ACTION_RICHPUSH_CALLBACK+cn.jpush.android.intent.CONNECTION+cn.jpush.android.intent.MESSAGE_RECEIVED+cn.jpush.android.intent.NOTIFICATION_OPENED+cn.jpush.android.intent.NOTIFICATION_RECEIVED+cn.jpush.android.intent.REGISTRATION+com.yidiankeyan.science
ADDED from src\main\AndroidManifest.xml:320:13-334:29
action#cn.jpush.android.intent.REGISTRATION
ADDED from src\main\AndroidManifest.xml:321:17-78
	android:name
		ADDED from src\main\AndroidManifest.xml:321:25-76
action#cn.jpush.android.intent.MESSAGE_RECEIVED
ADDED from src\main\AndroidManifest.xml:323:17-82
	android:name
		ADDED from src\main\AndroidManifest.xml:323:25-80
action#cn.jpush.android.intent.NOTIFICATION_RECEIVED
ADDED from src\main\AndroidManifest.xml:325:17-87
	android:name
		ADDED from src\main\AndroidManifest.xml:325:25-85
action#cn.jpush.android.intent.NOTIFICATION_OPENED
ADDED from src\main\AndroidManifest.xml:327:17-85
	android:name
		ADDED from src\main\AndroidManifest.xml:327:25-83
action#cn.jpush.android.intent.ACTION_RICHPUSH_CALLBACK
ADDED from src\main\AndroidManifest.xml:329:17-90
	android:name
		ADDED from src\main\AndroidManifest.xml:329:25-88
action#cn.jpush.android.intent.CONNECTION
ADDED from src\main\AndroidManifest.xml:331:17-76
	android:name
		ADDED from src\main\AndroidManifest.xml:331:25-74
meta-data#JPUSH_CHANNEL
ADDED from src\main\AndroidManifest.xml:338:9-340:48
	android:value
		ADDED from src\main\AndroidManifest.xml:340:13-46
	android:name
		ADDED from src\main\AndroidManifest.xml:339:13-41
meta-data#JPUSH_APPKEY
ADDED from src\main\AndroidManifest.xml:341:9-343:55
	android:value
		ADDED from src\main\AndroidManifest.xml:343:13-53
	android:name
		ADDED from src\main\AndroidManifest.xml:342:13-40
activity#com.umeng.socialize.editorpage.ShareActivity
ADDED from src\main\AndroidManifest.xml:349:9-353:53
	android:screenOrientation
		ADDED from src\main\AndroidManifest.xml:352:13-49
	android:excludeFromRecents
		ADDED from src\main\AndroidManifest.xml:351:13-46
	android:theme
		ADDED from src\main\AndroidManifest.xml:353:13-51
	android:name
		ADDED from src\main\AndroidManifest.xml:350:13-72
meta-data#UMENG_APPKEY
ADDED from src\main\AndroidManifest.xml:355:9-357:55
	android:value
		ADDED from src\main\AndroidManifest.xml:357:13-53
	android:name
		ADDED from src\main\AndroidManifest.xml:356:13-40
activity#com.yidiankeyan.science.share.WBShareActivity
ADDED from src\main\AndroidManifest.xml:359:9-368:20
	android:screenOrientation
		ADDED from src\main\AndroidManifest.xml:362:13-49
	android:configChanges
		ADDED from src\main\AndroidManifest.xml:361:13-63
	android:name
		ADDED from src\main\AndroidManifest.xml:360:13-50
intent-filter#android.intent.category.DEFAULT+com.sina.weibo.sdk.action.ACTION_SDK_REQ_ACTIVITY
ADDED from src\main\AndroidManifest.xml:363:13-367:29
action#com.sina.weibo.sdk.action.ACTION_SDK_REQ_ACTIVITY
ADDED from src\main\AndroidManifest.xml:364:17-91
	android:name
		ADDED from src\main\AndroidManifest.xml:364:25-89
activity#com.sina.weibo.sdk.component.WeiboSdkBrowser
ADDED from src\main\AndroidManifest.xml:369:9-374:57
	android:screenOrientation
		ADDED from src\main\AndroidManifest.xml:373:13-49
	android:exported
		ADDED from src\main\AndroidManifest.xml:372:13-37
	android:windowSoftInputMode
		ADDED from src\main\AndroidManifest.xml:374:13-55
	android:configChanges
		ADDED from src\main\AndroidManifest.xml:371:13-63
	android:name
		ADDED from src\main\AndroidManifest.xml:370:13-72
service#com.sina.weibo.sdk.net.DownloadService
ADDED from src\main\AndroidManifest.xml:376:9-378:39
	android:exported
		ADDED from src\main\AndroidManifest.xml:378:13-37
	android:name
		ADDED from src\main\AndroidManifest.xml:377:13-66
activity#com.yidiankeyan.science.wxapi.WXPayEntryActivity
ADDED from src\main\AndroidManifest.xml:380:9-385:74
	android:screenOrientation
		ADDED from src\main\AndroidManifest.xml:384:13-49
	android:launchMode
		ADDED from src\main\AndroidManifest.xml:383:13-43
	android:exported
		ADDED from src\main\AndroidManifest.xml:382:13-36
	android:theme
		ADDED from src\main\AndroidManifest.xml:385:13-72
	android:name
		ADDED from src\main\AndroidManifest.xml:381:13-53
activity#com.yidiankeyan.science.wxapi.WXEntryActivity
ADDED from src\main\AndroidManifest.xml:386:9-391:74
	android:screenOrientation
		ADDED from src\main\AndroidManifest.xml:390:13-49
	android:exported
		ADDED from src\main\AndroidManifest.xml:389:13-36
	android:configChanges
		ADDED from src\main\AndroidManifest.xml:388:13-74
	android:theme
		ADDED from src\main\AndroidManifest.xml:391:13-72
	android:name
		ADDED from src\main\AndroidManifest.xml:387:13-50
activity#com.tencent.tauth.AuthActivity
ADDED from src\main\AndroidManifest.xml:392:9-405:20
	android:screenOrientation